<?xml version="1.0" encoding="UTF-8"?>
<!-- Generated by org.testng.reporters.JUnitReportReporter -->
<testsuite hostname="INLEN8520042352" failures="0" tests="1" name="Testing.Reports" time="6.298" errors="0" timestamp="2022-04-08T11:00:03 IST" skipped="0">
  <testcase classname="Testing.Reports" name="search" time="6.298"/>
  <system-out/>
</testsuite> <!-- Testing.Reports -->
